SF:lib/core/errors/exceptions.dart
DA:4,2
DA:9,0
DA:10,0
LF:3
LH:1
end_of_record
SF:lib/data/datasources/motel_remote_data_source.dart
DA:7,1
DA:9,1
DA:12,2
DA:13,1
DA:14,1
DA:15,1
DA:16,1
DA:17,1
LF:8
LH:8
end_of_record
SF:lib/core/errors/failure.dart
DA:5,2
DA:10,4
DA:12,0
DA:13,0
DA:17,1
DA:19,1
DA:20,3
LF:7
LH:5
end_of_record
SF:lib/data/models/motel_model.dart
DA:6,2
DA:17,2
DA:18,2
DA:19,2
DA:20,2
DA:21,2
DA:22,4
DA:23,2
DA:24,2
DA:25,4
DA:26,2
DA:27,1
DA:28,2
DA:29,4
LF:14
LH:14
end_of_record
SF:lib/data/repositories/motel_repository_impl.dart
DA:13,1
DA:15,1
DA:18,2
DA:19,1
DA:23,1
DA:24,1
DA:26,3
DA:27,1
DA:29,1
DA:30,1
DA:31,2
LF:11
LH:11
end_of_record
SF:lib/domain/entities/motel_entity.dart
DA:5,3
DA:25,1
DA:26,1
DA:27,1
DA:28,1
DA:29,1
DA:30,1
DA:31,1
DA:32,1
DA:33,1
DA:34,1
LF:11
LH:11
end_of_record
SF:lib/data/models/desconto_model.dart
DA:5,2
DA:7,2
DA:8,2
DA:9,4
LF:4
LH:4
end_of_record
SF:lib/domain/entities/desconto_entity.dart
DA:4,2
DA:8,0
DA:9,0
LF:3
LH:1
end_of_record
SF:lib/data/models/item_model.dart
DA:5,3
DA:7,2
DA:8,4
LF:3
LH:3
end_of_record
SF:lib/domain/entities/item_entity.dart
DA:4,3
DA:8,0
DA:9,0
LF:3
LH:1
end_of_record
SF:lib/data/models/suite_model.dart
DA:8,2
DA:18,2
DA:19,2
DA:20,2
DA:21,2
DA:22,2
DA:23,5
DA:24,2
DA:25,3
DA:26,1
DA:27,2
DA:28,2
DA:29,2
DA:30,1
DA:31,1
DA:32,2
DA:33,2
DA:34,3
DA:35,1
DA:36,2
LF:20
LH:20
end_of_record
SF:lib/data/models/periodo_model.dart
DA:6,3
DA:15,2
DA:16,2
DA:17,2
DA:18,2
DA:19,3
DA:20,3
DA:21,2
DA:22,2
DA:23,2
LF:10
LH:10
end_of_record
SF:lib/domain/entities/periodo_entity.dart
DA:5,3
DA:21,0
DA:22,0
DA:23,0
DA:24,0
DA:25,0
DA:26,0
DA:27,0
DA:28,0
LF:9
LH:1
end_of_record
SF:lib/data/models/categoria_item_model.dart
DA:5,2
DA:10,2
DA:11,2
DA:12,2
DA:13,2
LF:5
LH:5
end_of_record
SF:lib/domain/entities/suite_entity.dart
DA:7,2
DA:25,0
DA:26,0
DA:27,0
DA:28,0
DA:29,0
DA:30,0
DA:31,0
DA:32,0
DA:33,0
LF:10
LH:1
end_of_record
SF:lib/domain/entities/categoria_item_entity.dart
DA:4,2
DA:12,0
DA:13,0
LF:3
LH:1
end_of_record
SF:lib/presentation/cubit/motel_cubit.dart
DA:10,3
DA:12,1
DA:13,2
DA:14,2
DA:15,1
DA:16,4
DA:17,3
LF:7
LH:7
end_of_record
SF:lib/presentation/cubit/motel_state.dart
DA:6,0
DA:7,0
DA:11,1
DA:12,1
DA:18,1
DA:20,1
DA:21,2
DA:27,1
DA:29,1
DA:30,2
LF:10
LH:8
end_of_record
